Using pre-set license
Built from '2020.3/staging' branch; Version is '2020.3.18f1 (a7d1c678663c) revision 10998214'; Using compiler version '192528614'; Build Type 'Release'
OS: 'Windows 10 Pro; OS build 19042.1237; Version 2009; 64bit' Language: 'tr' Physical Memory: 16268 MB
BatchMode: 1, IsHumanControllingUs: 0, StartBugReporterOnCrash: 0, Is64bit: 1, IsPro: 0

COMMAND LINE ARGUMENTS:
D:\Program Files\Unity\2020.3.18f1\Editor\Unity.exe
-adb2
-batchMode
-noUpm
-name
AssetImportWorker0
-projectPath
D:/Unity Biten Projeler/Unity-Projects/DarkMode
-logFile
Logs/AssetImportWorker0.log
-srvPort
50222
Successfully changed project path to: D:/Unity Biten Projeler/Unity-Projects/DarkMode
D:/Unity Biten Projeler/Unity-Projects/DarkMode
Using Asset Import Pipeline V2.
Refreshing native plugins compatible for Editor in 89.52 ms, found 2 plugins.
Preloading 0 native plugins for Editor in 0.00 ms.
Initialize engine version: 2020.3.18f1 (a7d1c678663c)
[Subsystems] Discovering subsystems at path D:/Program Files/Unity/2020.3.18f1/Editor/Data/Resources/UnitySubsystems
[Subsystems] Discovering subsystems at path D:/Unity Biten Projeler/Unity-Projects/DarkMode/Assets
GfxDevice: creating device client; threaded=0
Direct3D:
    Version:  Direct3D 11.0 [level 11.1]
    Renderer: NVIDIA GeForce GTX 1050 (ID=0x1c8d)
    Vendor:   
    VRAM:     4021 MB
    Driver:   27.21.14.6611
Initialize mono
Mono path[0] = 'D:/Program Files/Unity/2020.3.18f1/Editor/Data/Managed'
Mono path[1] = 'D:/Program Files/Unity/2020.3.18f1/Editor/Data/MonoBleedingEdge/lib/mono/unityjit'
Mono config path = 'D:/Program Files/Unity/2020.3.18f1/Editor/Data/MonoBleedingEdge/etc'
Using monoOptions --debugger-agent=transport=dt_socket,embedding=1,server=y,suspend=n,address=127.0.0.1:56044
Begin MonoManager ReloadAssembly
Registering precompiled unity dll's ...
Register platform support module: D:/Program Files/Unity/2020.3.18f1/Editor/Data/PlaybackEngines/WebGLSupport/UnityEditor.WebGL.Extensions.dll
Register platform support module: D:/Program Files/Unity/2020.3.18f1/Editor/Data/PlaybackEngines/WindowsStandaloneSupport/UnityEditor.WindowsStandalone.Extensions.dll
Registered in 0.002223 seconds.
Native extension for WindowsStandalone target not found
Native extension for WebGL target not found
Refreshing native plugins compatible for Editor in 78.78 ms, found 2 plugins.
Preloading 0 native plugins for Editor in 0.00 ms.
Mono: successfully reloaded assembly
- Completed reload, in  3.062 seconds
Domain Reload Profiling:
	ReloadAssembly (3063ms)
		BeginReloadAssembly (82ms)
			ExecutionOrderSort (0ms)
			DisableScriptedObjects (0ms)
			BackupInstance (0ms)
			ReleaseScriptingObjects (0ms)
			CreateAndSetChildDomain (1ms)
		EndReloadAssembly (678ms)
			LoadAssemblies (81ms)
			RebuildTransferFunctionScriptingTraits (0ms)
			SetupTypeCache (243ms)
			ReleaseScriptCaches (0ms)
			RebuildScriptCaches (51ms)
			SetupLoadedEditorAssemblies (275ms)
				LogAssemblyErrors (0ms)
				InitializePlatformSupportModulesInManaged (7ms)
				SetLoadedEditorAssemblies (0ms)
				RefreshPlugins (79ms)
				BeforeProcessingInitializeOnLoad (13ms)
				ProcessInitializeOnLoadAttributes (130ms)
				ProcessInitializeOnLoadMethodAttributes (46ms)
				AfterProcessingInitializeOnLoad (0ms)
				EditorAssembliesLoaded (0ms)
			ExecutionOrderSort2 (0ms)
			AwakeInstancesAfterBackupRestoration (0ms)
Platform modules already initialized, skipping
Registering precompiled user dll's ...
Registered in 0.007283 seconds.
Begin MonoManager ReloadAssembly
Native extension for WindowsStandalone target not found
Native extension for WebGL target not found
Refreshing native plugins compatible for Editor in 1.06 ms, found 2 plugins.
Preloading 0 native plugins for Editor in 0.00 ms.
Mono: successfully reloaded assembly
- Completed reload, in  1.759 seconds
Domain Reload Profiling:
	ReloadAssembly (1759ms)
		BeginReloadAssembly (231ms)
			ExecutionOrderSort (0ms)
			DisableScriptedObjects (7ms)
			BackupInstance (0ms)
			ReleaseScriptingObjects (0ms)
			CreateAndSetChildDomain (27ms)
		EndReloadAssembly (1436ms)
			LoadAssemblies (150ms)
			RebuildTransferFunctionScriptingTraits (0ms)
			SetupTypeCache (470ms)
			ReleaseScriptCaches (1ms)
			RebuildScriptCaches (80ms)
			SetupLoadedEditorAssemblies (580ms)
				LogAssemblyErrors (0ms)
				InitializePlatformSupportModulesInManaged (9ms)
				SetLoadedEditorAssemblies (1ms)
				RefreshPlugins (1ms)
				BeforeProcessingInitializeOnLoad (105ms)
				ProcessInitializeOnLoadAttributes (400ms)
				ProcessInitializeOnLoadMethodAttributes (61ms)
				AfterProcessingInitializeOnLoad (4ms)
				EditorAssembliesLoaded (0ms)
			ExecutionOrderSort2 (0ms)
			AwakeInstancesAfterBackupRestoration (14ms)
Platform modules already initialized, skipping
========================================================================
Worker process is ready to serve import requests
Launched and connected shader compiler UnityShaderCompiler.exe after 0.11 seconds
Refreshing native plugins compatible for Editor in 1.13 ms, found 2 plugins.
Preloading 0 native plugins for Editor in 0.00 ms.
Unloading 2233 Unused Serialized files (Serialized files now loaded: 0)
System memory in use before: 97.4 MB.
System memory in use after: 97.1 MB.

Unloading 62 unused Assets to reduce memory usage. Loaded Objects now: 2639.
Total: 11.020700 ms (FindLiveObjects: 0.319800 ms CreateObjectMapping: 0.140400 ms MarkObjects: 10.011200 ms  DeleteObjects: 0.547500 ms)

AssetImportParameters requested are different than current active one (requested -> active):
  custom:framework-win-MediaFoundation: 216162199b28c13a410421893ffa2e32 -> 
  custom:video-decoder-ogg-theora: a1e56fd34408186e4bbccfd4996cb3dc -> 
  custom:container-muxer-webm: aa71ff27fc2769a1b78a27578f13a17b -> 
  custom:container-demuxer-webm: 4f35f7cbe854078d1ac9338744f61a02 -> 
  custom:container-demuxer-ogg: 62fdf1f143b41e24485cea50d1cbac27 -> 
  custom:video-encoder-webm-vp8: eb34c28f22e8b96e1ab97ce403110664 -> 
  custom:video-decoder-webm-vp8: 9c59270c3fd7afecdb556c50c9e8de78 -> 
  custom:audio-decoder-ogg-vorbis: bf7c407c2cedff20999df2af8eb42d56 -> 
  custom:audio-encoder-webm-vorbis: bf7c407c2cedff20999df2af8eb42d56 -> 
========================================================================
Received Import Request.
  path: Assets/küp için.mat
  artifactKey: Guid(32bf87bbf6511684d88fb28c6cdcba33) Importer(815301076,1909f56bfc062723c751e8b465ee728b)
Start importing Assets/küp için.mat using Guid(32bf87bbf6511684d88fb28c6cdcba33) Importer(815301076,1909f56bfc062723c751e8b465ee728b)  -> (artifact id: 'f196939b60d8f3bf333a5474bafdfcd4') in 0.574143 seconds 
  Import took 0.579257 seconds .

========================================================================
Received Import Request.
  Time since last request: 0.000403 seconds.
  path: Assets/Yeni.prefab
  artifactKey: Guid(662d3fc5dd4134148bef9f64d4e334ad) Importer(815301076,1909f56bfc062723c751e8b465ee728b)
Start importing Assets/Yeni.prefab using Guid(662d3fc5dd4134148bef9f64d4e334ad) Importer(815301076,1909f56bfc062723c751e8b465ee728b)  -> (artifact id: '4879bcb975663a5aad6a93ec110404b3') in 0.049127 seconds 
  Import took 0.054724 seconds .

========================================================================
Received Import Request.
  Time since last request: 0.000364 seconds.
  path: Assets/New Terrain.asset
  artifactKey: Guid(897ab55c6fb0cc6458a5650941a90240) Importer(815301076,1909f56bfc062723c751e8b465ee728b)
Start importing Assets/New Terrain.asset using Guid(897ab55c6fb0cc6458a5650941a90240) Importer(815301076,1909f56bfc062723c751e8b465ee728b)  -> (artifact id: 'cef59294cbfc7c24f5208e1de23e1f5d') in 0.037016 seconds 
  Import took 0.041768 seconds .

========================================================================
Received Import Request.
  Time since last request: 0.000370 seconds.
  path: Assets/NewLayer 1.terrainlayer
  artifactKey: Guid(1053f1066664e764292b8dbc609446a7) Importer(815301076,1909f56bfc062723c751e8b465ee728b)
Start importing Assets/NewLayer 1.terrainlayer using Guid(1053f1066664e764292b8dbc609446a7) Importer(815301076,1909f56bfc062723c751e8b465ee728b)  -> (artifact id: '7777498bc5576e04e2eb9050f98cf0aa') in 0.029483 seconds 
  Import took 0.034520 seconds .

========================================================================
Received Import Request.
  Time since last request: 0.000290 seconds.
  path: Assets/TerrainData_2241c017-94cd-4931-b995-d46bad37eca6.asset
  artifactKey: Guid(07b71b09a849aca4db816d83981e3468) Importer(815301076,1909f56bfc062723c751e8b465ee728b)
Start importing Assets/TerrainData_2241c017-94cd-4931-b995-d46bad37eca6.asset using Guid(07b71b09a849aca4db816d83981e3468) Importer(815301076,1909f56bfc062723c751e8b465ee728b)  -> (artifact id: '38a0e6610b575f920402ea0a6f46b3a9') in 0.028777 seconds 
  Import took 0.033893 seconds .

========================================================================
Received Import Request.
  Time since last request: 0.000289 seconds.
  path: Assets/küpiçin2.mat
  artifactKey: Guid(830c75df327d42f459cd57e311383622) Importer(815301076,1909f56bfc062723c751e8b465ee728b)
Start importing Assets/küpiçin2.mat using Guid(830c75df327d42f459cd57e311383622) Importer(815301076,1909f56bfc062723c751e8b465ee728b)  -> (artifact id: '5de5170d0ab5193dc1295c981c6cf666') in 0.409960 seconds 
  Import took 0.416106 seconds .

========================================================================
Received Import Request.
  Time since last request: 0.000363 seconds.
  path: Assets/TerrainData_24f0b892-b46f-4388-bac0-b0a603d10c4f.asset
  artifactKey: Guid(205c383052a480c48a53f3fc36d679ef) Importer(815301076,1909f56bfc062723c751e8b465ee728b)
Start importing Assets/TerrainData_24f0b892-b46f-4388-bac0-b0a603d10c4f.asset using Guid(205c383052a480c48a53f3fc36d679ef) Importer(815301076,1909f56bfc062723c751e8b465ee728b)  -> (artifact id: '8c7e94f2e774c93a2032b88e0c0bbafe') in 0.026700 seconds 
  Import took 0.031850 seconds .

========================================================================
Received Import Request.
  Time since last request: 0.000355 seconds.
  path: Assets/NewLayer.terrainlayer
  artifactKey: Guid(14460320d03acaa4c83d8416c8850c7a) Importer(815301076,1909f56bfc062723c751e8b465ee728b)
Start importing Assets/NewLayer.terrainlayer using Guid(14460320d03acaa4c83d8416c8850c7a) Importer(815301076,1909f56bfc062723c751e8b465ee728b)  -> (artifact id: '901f5c94f44e30e74895f2377dae38a8') in 0.058421 seconds 
  Import took 0.067268 seconds .

========================================================================
Received Import Request.
  Time since last request: 0.001683 seconds.
  path: Assets/TerrainData_bdcd7965-cf44-46db-a2f1-722508f9479f.asset
  artifactKey: Guid(8edee04d8b7792b40966432e07bf3040) Importer(815301076,1909f56bfc062723c751e8b465ee728b)
Start importing Assets/TerrainData_bdcd7965-cf44-46db-a2f1-722508f9479f.asset using Guid(8edee04d8b7792b40966432e07bf3040) Importer(815301076,1909f56bfc062723c751e8b465ee728b)  -> (artifact id: 'db4918ea47277ae4bb93865fc1496156') in 0.031092 seconds 
  Import took 0.037848 seconds .

========================================================================
Received Import Request.
  Time since last request: 0.000313 seconds.
  path: Assets/New Terrain 1.asset
  artifactKey: Guid(587877d75aeac5e4089b3656e82f6750) Importer(815301076,1909f56bfc062723c751e8b465ee728b)
Start importing Assets/New Terrain 1.asset using Guid(587877d75aeac5e4089b3656e82f6750) Importer(815301076,1909f56bfc062723c751e8b465ee728b)  -> (artifact id: 'ec736f7129c14fedc870d6090ca5f2ab') in 0.107245 seconds 
  Import took 0.113360 seconds .

========================================================================
Received Import Request.
  Time since last request: 0.000360 seconds.
  path: Assets/New Terrain 2.asset
  artifactKey: Guid(3c1ca9965b183794984c739f20159607) Importer(815301076,1909f56bfc062723c751e8b465ee728b)
Start importing Assets/New Terrain 2.asset using Guid(3c1ca9965b183794984c739f20159607) Importer(815301076,1909f56bfc062723c751e8b465ee728b)  -> (artifact id: '9b550aa3541aea7707a7228018ce7f4e') in 0.030857 seconds 
  Import took 0.035817 seconds .

========================================================================
Received Import Request.
  Time since last request: 0.000375 seconds.
  path: Assets/TerrainData_06645f4f-692a-423a-8510-0eb49657eb26.asset
  artifactKey: Guid(c1855a2af890afd4fa28f5feb070b9cb) Importer(815301076,1909f56bfc062723c751e8b465ee728b)
Start importing Assets/TerrainData_06645f4f-692a-423a-8510-0eb49657eb26.asset using Guid(c1855a2af890afd4fa28f5feb070b9cb) Importer(815301076,1909f56bfc062723c751e8b465ee728b)  -> (artifact id: '865ab61fb0f9844e3578539c4e13830f') in 0.027825 seconds 
  Import took 0.033030 seconds .

========================================================================
Received Import Request.
  Time since last request: 265.800815 seconds.
  path: Assets/level1.unity
  artifactKey: Guid(26711e13e0e1b914992058e60805c632) Importer(815301076,1909f56bfc062723c751e8b465ee728b)
Start importing Assets/level1.unity using Guid(26711e13e0e1b914992058e60805c632) Importer(815301076,1909f56bfc062723c751e8b465ee728b)  -> (artifact id: 'fa1392cc58462fde45c64aa6b0763471') in 0.009609 seconds 
  Import took 0.015639 seconds .

========================================================================
Received Import Request.
  Time since last request: 0.014014 seconds.
  path: Assets/level1.unity
  artifactKey: Guid(26711e13e0e1b914992058e60805c632) Importer(815301076,1909f56bfc062723c751e8b465ee728b)
Start importing Assets/level1.unity using Guid(26711e13e0e1b914992058e60805c632) Importer(815301076,1909f56bfc062723c751e8b465ee728b)  -> (artifact id: 'fa1392cc58462fde45c64aa6b0763471') in 0.003227 seconds 
  Import took 0.008646 seconds .

========================================================================
Received Import Request.
  Time since last request: 35.854521 seconds.
  path: Assets/level2.unity
  artifactKey: Guid(29ecb0e664cc8654791ff227d17825c8) Importer(815301076,1909f56bfc062723c751e8b465ee728b)
Start importing Assets/level2.unity using Guid(29ecb0e664cc8654791ff227d17825c8) Importer(815301076,1909f56bfc062723c751e8b465ee728b)  -> (artifact id: 'ca56b15351d73a84d1f4dbd1c6e64a32') in 0.008168 seconds 
  Import took 0.013208 seconds .

========================================================================
Received Import Request.
  Time since last request: 0.016281 seconds.
  path: Assets/level2.unity
  artifactKey: Guid(29ecb0e664cc8654791ff227d17825c8) Importer(815301076,1909f56bfc062723c751e8b465ee728b)
Start importing Assets/level2.unity using Guid(29ecb0e664cc8654791ff227d17825c8) Importer(815301076,1909f56bfc062723c751e8b465ee728b)  -> (artifact id: 'ca56b15351d73a84d1f4dbd1c6e64a32') in 0.002645 seconds 
  Import took 0.007957 seconds .

========================================================================
Received Import Request.
  Time since last request: 15.997248 seconds.
  path: Assets/level3.unity
  artifactKey: Guid(d0c7fe8651bf337418eed668ff495cb8) Importer(815301076,1909f56bfc062723c751e8b465ee728b)
Start importing Assets/level3.unity using Guid(d0c7fe8651bf337418eed668ff495cb8) Importer(815301076,1909f56bfc062723c751e8b465ee728b)  -> (artifact id: 'aae0ee86d2ca232e41c1c75f671ad7e7') in 0.009679 seconds 
  Import took 0.014772 seconds .

========================================================================
Received Import Request.
  Time since last request: 0.012260 seconds.
  path: Assets/level3.unity
  artifactKey: Guid(d0c7fe8651bf337418eed668ff495cb8) Importer(815301076,1909f56bfc062723c751e8b465ee728b)
Start importing Assets/level3.unity using Guid(d0c7fe8651bf337418eed668ff495cb8) Importer(815301076,1909f56bfc062723c751e8b465ee728b)  -> (artifact id: 'aae0ee86d2ca232e41c1c75f671ad7e7') in 0.003115 seconds 
  Import took 0.008373 seconds .

========================================================================
Received Prepare
Registering precompiled user dll's ...
Registered in 0.007514 seconds.
Begin MonoManager ReloadAssembly
Native extension for WindowsStandalone target not found
Native extension for WebGL target not found
Refreshing native plugins compatible for Editor in 1.09 ms, found 2 plugins.
Preloading 0 native plugins for Editor in 0.00 ms.
Mono: successfully reloaded assembly
- Completed reload, in  1.607 seconds
Domain Reload Profiling:
	ReloadAssembly (1608ms)
		BeginReloadAssembly (177ms)
			ExecutionOrderSort (0ms)
			DisableScriptedObjects (13ms)
			BackupInstance (0ms)
			ReleaseScriptingObjects (0ms)
			CreateAndSetChildDomain (54ms)
		EndReloadAssembly (1337ms)
			LoadAssemblies (141ms)
			RebuildTransferFunctionScriptingTraits (0ms)
			SetupTypeCache (454ms)
			ReleaseScriptCaches (1ms)
			RebuildScriptCaches (63ms)
			SetupLoadedEditorAssemblies (514ms)
				LogAssemblyErrors (0ms)
				InitializePlatformSupportModulesInManaged (9ms)
				SetLoadedEditorAssemblies (1ms)
				RefreshPlugins (1ms)
				BeforeProcessingInitializeOnLoad (86ms)
				ProcessInitializeOnLoadAttributes (357ms)
				ProcessInitializeOnLoadMethodAttributes (56ms)
				AfterProcessingInitializeOnLoad (4ms)
				EditorAssembliesLoaded (0ms)
			ExecutionOrderSort2 (0ms)
			AwakeInstancesAfterBackupRestoration (11ms)
Platform modules already initialized, skipping
Refreshing native plugins compatible for Editor in 1.14 ms, found 2 plugins.
Preloading 0 native plugins for Editor in 0.00 ms.
Unloading 2208 Unused Serialized files (Serialized files now loaded: 0)
System memory in use before: 104.6 MB.
System memory in use after: 103.9 MB.

Unloading 55 unused Assets to reduce memory usage. Loaded Objects now: 2691.
Total: 10.778600 ms (FindLiveObjects: 0.300000 ms CreateObjectMapping: 0.163400 ms MarkObjects: 9.293000 ms  DeleteObjects: 1.020200 ms)

AssetImportParameters requested are different than current active one (requested -> active):
  custom:framework-win-MediaFoundation: 216162199b28c13a410421893ffa2e32 -> 
  custom:video-decoder-ogg-theora: a1e56fd34408186e4bbccfd4996cb3dc -> 
  custom:container-muxer-webm: aa71ff27fc2769a1b78a27578f13a17b -> 
  custom:container-demuxer-webm: 4f35f7cbe854078d1ac9338744f61a02 -> 
  custom:container-demuxer-ogg: 62fdf1f143b41e24485cea50d1cbac27 -> 
  custom:video-encoder-webm-vp8: eb34c28f22e8b96e1ab97ce403110664 -> 
  custom:video-decoder-webm-vp8: 9c59270c3fd7afecdb556c50c9e8de78 -> 
  custom:audio-decoder-ogg-vorbis: bf7c407c2cedff20999df2af8eb42d56 -> 
  custom:audio-encoder-webm-vorbis: bf7c407c2cedff20999df2af8eb42d56 -> 
AssetImportWorkerClient::OnTransportError - code=2 error=End of file
